2023-10-22 02:33:21.110 [ INFO] [main:586] [] [cn.com.mockingbird.robin.quartz.Application.logStarting:51] Starting Application using Java 17.0.8 with PID 15136 (E:\java\workspaces\robin-saas\robin-saas-dc\robin-starter-quartz\target\classes started by zp in E:\java\workspaces\robin-saas)
2023-10-22 02:33:21.113 [ INFO] [main:589] [] [cn.com.mockingbird.robin.quartz.Application.logStartupProfileInfo:636] The following 1 profile is active: "test"
2023-10-22 02:33:22.133 [ INFO] [main:1609] [] [org.springframework.data.repository.config.RepositoryConfigurationDelegate.multipleStoresDetected:291] Multiple Spring Data modules found, entering strict repository configuration mode
2023-10-22 02:33:22.136 [ INFO] [main:1612] [] [org.springframework.data.repository.config.RepositoryConfigurationDelegate.registerRepositoriesIn:138] Bootstrapping Spring Data Redis repositories in DEFAULT mode.
2023-10-22 02:33:22.166 [ INFO] [main:1642] [] [org.springframework.data.repository.config.RepositoryConfigurationDelegate.registerRepositoriesIn:208] Finished Spring Data repository scanning in 15 ms. Found 0 Redis repository interfaces.
2023-10-22 02:33:22.417 [ INFO] [main:1893] [] [org.springframework.context.support.PostProcessorRegistrationDelegate$BeanPostProcessorChecker.postProcessAfterInitialization:409] Bean 'com.mybatisflex.spring.boot.FlexTransactionAutoConfiguration' of type [com.mybatisflex.spring.boot.FlexTransactionAutoConfiguration] is not eligible for getting processed by all BeanPostProcessors (for example: not eligible for auto-proxying)
2023-10-22 02:33:22.924 [ INFO] [main:2400] [] [org.springframework.boot.web.embedded.tomcat.TomcatWebServer.initialize:108] Tomcat initialized with port(s): 8081 (http)
2023-10-22 02:33:22.934 [ INFO] [main:2410] [] [org.apache.catalina.core.StandardService.log:173] Starting service [Tomcat]
2023-10-22 02:33:22.935 [ INFO] [main:2411] [] [org.apache.catalina.core.StandardEngine.log:173] Starting Servlet engine: [Apache Tomcat/10.1.5]
2023-10-22 02:33:23.025 [ INFO] [main:2501] [] [org.apache.catalina.core.ContainerBase.[Tomcat].[localhost].[/].log:173] Initializing Spring embedded WebApplicationContext
2023-10-22 02:33:23.025 [ INFO] [main:2501] [] [org.springframework.boot.web.servlet.context.ServletWebServerApplicationContext.prepareWebApplicationContext:291] Root WebApplicationContext: initialization completed in 1870 ms
2023-10-22 02:33:23.375 [ INFO] [main:2851] [] [org.quartz.impl.StdSchedulerFactory.instantiate:1220] Using default implementation for ThreadExecutor
2023-10-22 02:33:23.377 [ INFO] [main:2853] [] [org.quartz.simpl.SimpleThreadPool.initialize:268] Job execution threads will use class loader of thread: main
2023-10-22 02:33:23.386 [ INFO] [main:2862] [] [org.quartz.core.SchedulerSignalerImpl.<init>:61] Initialized Scheduler Signaller of type: class org.quartz.core.SchedulerSignalerImpl
2023-10-22 02:33:23.387 [ INFO] [main:2863] [] [org.quartz.core.QuartzScheduler.<init>:229] Quartz Scheduler v.2.3.2 created.
2023-10-22 02:33:23.393 [ INFO] [main:2869] [] [com.zaxxer.hikari.HikariDataSource.getConnection:110] HikariPool-1 - Starting...
2023-10-22 02:33:23.525 [ INFO] [main:3001] [] [com.zaxxer.hikari.pool.HikariPool.checkFailFast:565] HikariPool-1 - Added connection com.mysql.cj.jdbc.ConnectionImpl@65ad2b42
2023-10-22 02:33:23.527 [ INFO] [main:3003] [] [com.zaxxer.hikari.HikariDataSource.getConnection:123] HikariPool-1 - Start completed.
2023-10-22 02:33:23.536 [ INFO] [main:3012] [] [org.springframework.scheduling.quartz.LocalDataSourceJobStore.initialize:672] Using db table-based data access locking (synchronization).
2023-10-22 02:33:23.537 [ INFO] [main:3013] [] [org.springframework.scheduling.quartz.LocalDataSourceJobStore.initialize:145] JobStoreCMT initialized.
2023-10-22 02:33:23.538 [ INFO] [main:3014] [] [org.quartz.core.QuartzScheduler.initialize:294] Scheduler meta-data: Quartz Scheduler (v2.3.2) 'clusteredScheduler' with instanceId 'DESKTOP-3DE9LCU1697913203377'
  Scheduler class: 'org.quartz.core.QuartzScheduler' - running locally.
  NOT STARTED.
  Currently in standby mode.
  Number of jobs executed: 0
  Using thread pool 'org.quartz.simpl.SimpleThreadPool' - with 10 threads.
  Using job-store 'org.springframework.scheduling.quartz.LocalDataSourceJobStore' - which supports persistence. and is clustered.

2023-10-22 02:33:23.538 [ INFO] [main:3014] [] [org.quartz.impl.StdSchedulerFactory.instantiate:1374] Quartz scheduler 'clusteredScheduler' initialized from an externally provided properties instance.
2023-10-22 02:33:23.538 [ INFO] [main:3014] [] [org.quartz.impl.StdSchedulerFactory.instantiate:1378] Quartz scheduler version: 2.3.2
2023-10-22 02:33:23.539 [ INFO] [main:3015] [] [org.quartz.core.QuartzScheduler.setJobFactory:2293] JobFactory set to: org.springframework.scheduling.quartz.SpringBeanJobFactory@1f4dd016
2023-10-22 02:33:23.545 [ INFO] [main:3021] [] [cn.com.mockingbird.robin.quartz.service.JobService.init:35] The scheduled job is initializing.
2023-10-22 02:33:24.215 [ INFO] [main:3691] [] [org.redisson.Version.logVersion:41] Redisson 3.20.0
2023-10-22 02:33:24.601 [ INFO] [redisson-netty-2-8:4077] [] [org.redisson.connection.pool.MasterPubSubConnectionPool.lambda$createConnection$0:162] 1 connections initialized for localhost/127.0.0.1:6379
2023-10-22 02:33:24.633 [ INFO] [redisson-netty-2-20:4109] [] [org.redisson.connection.pool.MasterConnectionPool.lambda$createConnection$0:162] 24 connections initialized for localhost/127.0.0.1:6379
2023-10-22 02:33:25.057 [ INFO] [main:4533] [] [org.springframework.boot.actuate.endpoint.web.EndpointLinksResolver.<init>:58] Exposing 1 endpoint(s) beneath base path '/actuator'
2023-10-22 02:33:25.127 [ INFO] [main:4603] [] [org.springframework.boot.web.embedded.tomcat.TomcatWebServer.start:220] Tomcat started on port(s): 8081 (http) with context path ''
2023-10-22 02:33:25.128 [ INFO] [main:4604] [] [org.springframework.scheduling.quartz.SchedulerFactoryBean.startScheduler:729] Starting Quartz Scheduler now
2023-10-22 02:33:25.141 [ INFO] [main:4617] [] [org.springframework.scheduling.quartz.LocalDataSourceJobStore.logWarnIfNonZero:3644] ClusterManager: detected 1 failed or restarted instances.
2023-10-22 02:33:25.142 [ INFO] [main:4618] [] [org.springframework.scheduling.quartz.LocalDataSourceJobStore.clusterRecover:3503] ClusterManager: Scanning for instance "DESKTOP-3DE9LCU1697912681988"'s failed in-progress jobs.
2023-10-22 02:33:25.146 [ INFO] [main:4622] [] [org.quartz.core.QuartzScheduler.start:547] Scheduler clusteredScheduler_$_DESKTOP-3DE9LCU1697913203377 started.
2023-10-22 02:33:25.159 [ INFO] [main:4635] [] [cn.com.mockingbird.robin.quartz.Application.logStarted:57] Started Application in 4.532 seconds (process running for 5.018)
2023-10-22 02:33:25.344 [ INFO] [RMI TCP Connection(1)-192.168.10.1:4820] [] [org.apache.catalina.core.ContainerBase.[Tomcat].[localhost].[/].log:173] Initializing Spring DispatcherServlet 'dispatcherServlet'
2023-10-22 02:33:25.352 [ INFO] [RMI TCP Connection(1)-192.168.10.1:4828] [] [org.springframework.web.servlet.DispatcherServlet.initServletBean:532] Initializing Servlet 'dispatcherServlet'
2023-10-22 02:33:25.354 [ INFO] [RMI TCP Connection(1)-192.168.10.1:4830] [] [org.springframework.web.servlet.DispatcherServlet.initServletBean:554] Completed initialization in 1 ms
2023-10-22 02:33:26.166 [ INFO] [Thread-4:5642] [] [cn.com.mockingbird.robin.banner.core.BannerApplicationRunner.lambda$run$0:48] 
----------------------------------------------------------
	(♥◠‿◠)ﾉﾞ  robin-starter-quartz 启动成功   ಠಿ_ಠﾞ
	接口文档:  http://127.0.0.1:8081/swagger-ui.html 
----------------------------------------------------------
2023-10-22 02:34:19.282 [ INFO] [SpringApplicationShutdownHook:58758] [] [org.quartz.core.QuartzScheduler.standby:585] Scheduler clusteredScheduler_$_DESKTOP-3DE9LCU1697913203377 paused.
2023-10-22 02:34:19.325 [ INFO] [SpringApplicationShutdownHook:58801] [] [org.springframework.scheduling.quartz.SchedulerFactoryBean.destroy:847] Shutting down Quartz Scheduler
2023-10-22 02:34:19.325 [ INFO] [SpringApplicationShutdownHook:58801] [] [org.quartz.core.QuartzScheduler.shutdown:666] Scheduler clusteredScheduler_$_DESKTOP-3DE9LCU1697913203377 shutting down.
2023-10-22 02:34:19.325 [ INFO] [SpringApplicationShutdownHook:58801] [] [org.quartz.core.QuartzScheduler.standby:585] Scheduler clusteredScheduler_$_DESKTOP-3DE9LCU1697913203377 paused.
2023-10-22 02:34:19.326 [ INFO] [SpringApplicationShutdownHook:58802] [] [org.quartz.core.QuartzScheduler.shutdown:740] Scheduler clusteredScheduler_$_DESKTOP-3DE9LCU1697913203377 shutdown complete.
2023-10-22 02:34:19.326 [ INFO] [SpringApplicationShutdownHook:58802] [] [com.zaxxer.hikari.HikariDataSource.close:350] HikariPool-1 - Shutdown initiated...
2023-10-22 02:34:19.332 [ INFO] [SpringApplicationShutdownHook:58808] [] [com.zaxxer.hikari.HikariDataSource.close:352] HikariPool-1 - Shutdown completed.
